<?xml version="1.0" encoding="UTF-8"?>
<testsuite name="com.hmoa.authentication.ExampleUnitTest" tests="1" skipped="0" failures="0" errors="0" timestamp="2024-02-19T10:10:37" hostname="DESKTOP-RCCQDJ9" time="0.004">
  <properties/>
  <testcase name="addition_isCorrect" classname="com.hmoa.authentication.ExampleUnitTest" time="0.004"/>
  <system-out><![CDATA[]]></system-out>
  <system-err><![CDATA[]]></system-err>
</testsuite>
