<?xml version="1.0" encoding="UTF-8"?>
<testsuite name="com.example.feature_userinfo.ExampleUnitTest" tests="1" skipped="0" failures="0" errors="0" timestamp="2024-02-21T04:54:13" hostname="DESKTOP-RCCQDJ9" time="0.006">
  <properties/>
  <testcase name="addition_isCorrect" classname="com.example.feature_userinfo.ExampleUnitTest" time="0.006"/>
  <system-out><![CDATA[]]></system-out>
  <system-err><![CDATA[]]></system-err>
</testsuite>
